<?xml version="1.0" encoding="UTF-8"?>
<testng-results ignored="0" total="1" passed="1" failed="0" skipped="0">
  <reporter-output>
  </reporter-output>
  <suite started-at="2024-03-22T15:24:12 IST" name="Suite" finished-at="2024-03-22T15:24:19 IST" duration-ms="7218">
    <groups>
    </groups>
    <test started-at="2024-03-22T15:24:12 IST" name="Test" finished-at="2024-03-22T15:24:19 IST" duration-ms="7218">
      <class name="testCasePackage.TC_Login">
        <test-method is-config="true" signature="setup()[pri:0, instance:testCasePackage.TC_Login@6340e5f0]" started-at="2024-03-22T15:24:12 IST" name="setup" finished-at="2024-03-22T15:24:18 IST" duration-ms="5923" status="PASS">
          <reporter-output>
          </reporter-output>
        </test-method> <!-- setup -->
        <test-method signature="loginTest()[pri:0, instance:testCasePackage.TC_Login@6340e5f0]" started-at="2024-03-22T15:24:18 IST" name="loginTest" finished-at="2024-03-22T15:24:19 IST" duration-ms="1100" status="PASS">
          <reporter-output>
          </reporter-output>
        </test-method> <!-- loginTest -->
        <test-method is-config="true" signature="tearDown()[pri:0, instance:testCasePackage.TC_Login@6340e5f0]" started-at="2024-03-22T15:24:19 IST" name="tearDown" finished-at="2024-03-22T15:24:19 IST" duration-ms="158" status="PASS">
          <reporter-output>
          </reporter-output>
        </test-method> <!-- tearDown -->
      </class> <!-- testCasePackage.TC_Login -->
    </test> <!-- Test -->
  </suite> <!-- Suite -->
</testng-results>
